android/app/build/intermediates/manifest_merge_blame_file/release/manifest-merger-blame-release-report.txt
1<?xml version="1.0" encoding="utf-8"?>
2<manifest xmlns:android="http://schemas.android.com/apk/res/android"
3    package="com.inbound.whatsdirectchat"
4    android:versionCode="1"
5    android:versionName="1.0.0" >
6
7    <uses-sdk
8        android:minSdkVersion="21"
8-->src\main\AndroidManifest.xml
9        android:targetSdkVersion="30" />
9-->src\main\AndroidManifest.xml
10
11    <uses-permission android:name="android.permission.INTERNET" />
11-->src\main\AndroidManifest.xml:4:5-67
11-->src\main\AndroidManifest.xml:4:22-64
12
13    <application
13-->src\main\AndroidManifest.xml:6:5-24:19
14        android:name="com.inbound.whatsdirectchat.MainApplication"
14-->src\main\AndroidManifest.xml:7:7-38
15        android:allowBackup="false"
15-->src\main\AndroidManifest.xml:10:7-34
16        android:appComponentFactory="androidx.core.app.CoreComponentFactory"
16-->[androidx.core:core:1.1.0] AndroidManifest.xml:24:18-86
17        android:icon="@mipmap/ic_launcher"
17-->src\main\AndroidManifest.xml:9:7-41
18        android:label="@string/app_name"
18-->src\main\AndroidManifest.xml:8:7-39
19        android:theme="@style/AppTheme" >
19-->src\main\AndroidManifest.xml:11:7-38
20        <activity
20-->src\main\AndroidManifest.xml:12:7-23:18
21            android:name="com.inbound.whatsdirectchat.MainActivity"
21-->src\main\AndroidManifest.xml:13:9-37
22            android:configChanges="keyboard|keyboardHidden|orientation|screenSize|uiMode"
22-->src\main\AndroidManifest.xml:15:9-86
23            android:label="@string/app_name"
23-->src\main\AndroidManifest.xml:14:9-41
24            android:launchMode="singleTask"
24-->src\main\AndroidManifest.xml:16:9-40
25            android:screenOrientation="portrait"
25-->src\main\AndroidManifest.xml:17:9-45
26            android:windowSoftInputMode="adjustResize" >
26-->src\main\AndroidManifest.xml:18:9-51
27            <intent-filter>
27-->src\main\AndroidManifest.xml:19:9-22:25
28                <action android:name="android.intent.action.MAIN" />
28-->src\main\AndroidManifest.xml:20:13-65
28-->src\main\AndroidManifest.xml:20:21-62
29
30                <category android:name="android.intent.category.LAUNCHER" />
30-->src\main\AndroidManifest.xml:21:13-73
30-->src\main\AndroidManifest.xml:21:23-70
31            </intent-filter>
32        </activity>
33
34        <provider
34-->[:react-native-share] AndroidManifest.xml:10:9-18:20
35            android:name="cl.json.RNShareFileProvider"
35-->[:react-native-share] AndroidManifest.xml:11:13-55
36            android:authorities="com.inbound.whatsdirectchat.rnshare.fileprovider"
36-->[:react-native-share] AndroidManifest.xml:12:13-72
37            android:exported="false"
37-->[:react-native-share] AndroidManifest.xml:13:13-37
38            android:grantUriPermissions="true" >
38-->[:react-native-share] AndroidManifest.xml:14:13-47
39            <meta-data
39-->[:react-native-share] AndroidManifest.xml:15:13-17:64
40                android:name="android.support.FILE_PROVIDER_PATHS"
40-->[:react-native-share] AndroidManifest.xml:16:17-67
41                android:resource="@xml/share_download_paths" />
41-->[:react-native-share] AndroidManifest.xml:17:17-61
42        </provider>
43    </application>
44
45</manifest>